(assoc A "Term" '( ((Term ProdOp Factor) (Term Factor)) ) )
(def R (rewriters A))
